TN:
SF:src/api/index.ts
FN:5,fetchDocuments
FNF:1
FNH:1
FNDA:4,fetchDocuments
DA:3,2
DA:5,2
DA:6,4
DA:8,4
DA:9,4
DA:11,4
DA:13,4
DA:14,1
DA:17,3
DA:18,1
DA:21,2
DA:22,1
DA:25,1
LF:13
LH:13
BRDA:5,0,0,0
BRDA:5,1,0,0
BRDA:13,2,0,1
BRDA:17,3,0,1
BRDA:21,4,0,1
BRF:5
BRH:3
end_of_record
TN:
SF:src/api/validation/document.ts
FN:4,validateDocument
FNF:1
FNH:1
FNDA:4,validateDocument
DA:2,1
DA:4,1
DA:5,4
DA:11,4
DA:12,4
DA:14,4
DA:15,1
DA:18,3
DA:20,3
DA:22,3
DA:23,1
DA:26,2
DA:28,2
DA:30,2
DA:31,1
DA:34,1
DA:36,1
DA:40,0
DA:41,0
LF:19
LH:17
BRDA:14,0,0,1
BRDA:22,1,0,1
BRDA:30,2,0,1
BRF:3
BRH:3
end_of_record
TN:
SF:src/api/validation/endpoint.ts
FN:5,validateEndpoint
FNF:1
FNH:1
FNDA:7,validateEndpoint
DA:2,1
DA:5,1
DA:6,7
DA:13,7
DA:14,1
DA:17,6
DA:18,1
DA:21,5
DA:22,2
DA:25,3
DA:27,3
DA:28,1
DA:31,2
DA:32,1
DA:35,1
LF:15
LH:15
BRDA:13,0,0,1
BRDA:17,1,0,1
BRDA:21,2,0,2
BRDA:27,3,0,1
BRDA:31,4,0,1
BRF:5
BRH:5
end_of_record
